<?xml version="1.0" encoding="UTF-8"?>
<!-- Generated by org.testng.reporters.JUnitXMLReporter -->
<testsuite hostname="ndi-mb-186" ignored="0" name="Default test" tests="7" failures="0" timestamp="29 Mar 2022 14:07:43 GMT" time="29.228" errors="0">
  <testcase name="accPageHeaderTest" time="0.89" classname="com.qa.opencart.tests.AccountsPageTest"/>
  <testcase name="accPageSectionsListTest" time="0.047" classname="com.qa.opencart.tests.AccountsPageTest"/>
  <testcase name="accPageTitleTest" time="0.02" classname="com.qa.opencart.tests.AccountsPageTest"/>
  <testcase name="doSearchTest" time="4.117" classname="com.qa.opencart.tests.AccountsPageTest"/>
  <testcase name="doSearchTest" time="3.899" classname="com.qa.opencart.tests.AccountsPageTest"/>
  <testcase name="doSearchTest" time="3.067" classname="com.qa.opencart.tests.AccountsPageTest"/>
  <testcase name="selectProductTest" time="5.976" classname="com.qa.opencart.tests.AccountsPageTest"/>
</testsuite> <!-- Default test -->
