<?xml version="1.0" encoding="UTF-8"?>
<!-- Generated by org.testng.reporters.JUnitXMLReporter -->
<testsuite hostname="ndi-mb-186" ignored="0" name="Default test" tests="3" failures="0" timestamp="25 Mar 2022 12:52:00 GMT" time="8.849" errors="0">
  <testcase name="accPageHeaderTest" time="0.031" classname="com.qa.opencart.tests.AccountsPageTest"/>
  <testcase name="accPageSectionsListTest" time="0.052" classname="com.qa.opencart.tests.AccountsPageTest"/>
  <testcase name="accPageTitleTest" time="0.005" classname="com.qa.opencart.tests.AccountsPageTest"/>
</testsuite> <!-- Default test -->
