<?xml version="1.0" encoding="UTF-8"?>
<testng-results skipped="0" failed="3" ignored="2" total="9" passed="4">
  <reporter-output>
  </reporter-output>
  <suite name="Open Cart Suite" duration-ms="9185" started-at="2022-03-25T13:00:25Z" finished-at="2022-03-25T13:00:35Z">
    <groups>
    </groups>
    <test name="Login Page Test" duration-ms="9185" started-at="2022-03-25T13:00:25Z" finished-at="2022-03-25T13:00:35Z">
      <class name="com.qa.opencart.tests.AccountsPageTest">
        <test-method status="FAIL" signature="accPageHeaderTest()[pri:0, instance:com.qa.opencart.tests.AccountsPageTest@604ed9f0]" name="accPageHeaderTest" duration-ms="1" started-at="2022-03-25T13:00:33Z" finished-at="2022-03-25T13:00:33Z">
          <exception class="java.lang.NullPointerException">
            <full-stacktrace>
              <![CDATA[java.lang.NullPointerException
at com.qa.opencart.tests.AccountsPageTest.accPageHeaderTest(AccountsPageTest.java:23)
at sun.reflect.NativeMethodAccessorImpl.invoke0(Native Method)
at sun.reflect.NativeMethodAccessorImpl.invoke(NativeMethodAccessorImpl.java:62)
at sun.reflect.DelegatingMethodAccessorImpl.invoke(DelegatingMethodAccessorImpl.java:43)
at java.lang.reflect.Method.invoke(Method.java:498)
at org.testng.internal.MethodInvocationHelper.invokeMethod(MethodInvocationHelper.java:124)
at org.testng.internal.Invoker.invokeMethod(Invoker.java:583)
at org.testng.internal.Invoker.invokeTestMethod(Invoker.java:719)
at org.testng.internal.Invoker.invokeTestMethods(Invoker.java:989)
at org.testng.internal.TestMethodWorker.invokeTestMethods(TestMethodWorker.java:125)
at org.testng.internal.TestMethodWorker.run(TestMethodWorker.java:109)
at org.testng.TestRunner.privateRun(TestRunner.java:648)
at org.testng.TestRunner.run(TestRunner.java:505)
at org.testng.SuiteRunner.runTest(SuiteRunner.java:455)
at org.testng.SuiteRunner.access$000(SuiteRunner.java:40)
at org.testng.SuiteRunner$SuiteWorker.run(SuiteRunner.java:489)
at org.testng.internal.thread.ThreadUtil$1.call(ThreadUtil.java:52)
at java.util.concurrent.FutureTask.run(FutureTask.java:266)
at java.util.concurrent.ThreadPoolExecutor.runWorker(ThreadPoolExecutor.java:1149)
at java.util.concurrent.ThreadPoolExecutor$Worker.run(ThreadPoolExecutor.java:624)
at java.lang.Thread.run(Thread.java:748)
]]>
            </full-stacktrace>
          </exception> <!-- java.lang.NullPointerException -->
          <reporter-output>
          </reporter-output>
        </test-method> <!-- accPageHeaderTest -->
        <test-method status="FAIL" signature="accPageSectionsListTest()[pri:0, instance:com.qa.opencart.tests.AccountsPageTest@604ed9f0]" name="accPageSectionsListTest" duration-ms="1" started-at="2022-03-25T13:00:33Z" finished-at="2022-03-25T13:00:33Z">
          <exception class="java.lang.NullPointerException">
            <full-stacktrace>
              <![CDATA[java.lang.NullPointerException
at com.qa.opencart.tests.AccountsPageTest.accPageSectionsListTest(AccountsPageTest.java:30)
at sun.reflect.NativeMethodAccessorImpl.invoke0(Native Method)
at sun.reflect.NativeMethodAccessorImpl.invoke(NativeMethodAccessorImpl.java:62)
at sun.reflect.DelegatingMethodAccessorImpl.invoke(DelegatingMethodAccessorImpl.java:43)
at java.lang.reflect.Method.invoke(Method.java:498)
at org.testng.internal.MethodInvocationHelper.invokeMethod(MethodInvocationHelper.java:124)
at org.testng.internal.Invoker.invokeMethod(Invoker.java:583)
at org.testng.internal.Invoker.invokeTestMethod(Invoker.java:719)
at org.testng.internal.Invoker.invokeTestMethods(Invoker.java:989)
at org.testng.internal.TestMethodWorker.invokeTestMethods(TestMethodWorker.java:125)
at org.testng.internal.TestMethodWorker.run(TestMethodWorker.java:109)
at org.testng.TestRunner.privateRun(TestRunner.java:648)
at org.testng.TestRunner.run(TestRunner.java:505)
at org.testng.SuiteRunner.runTest(SuiteRunner.java:455)
at org.testng.SuiteRunner.access$000(SuiteRunner.java:40)
at org.testng.SuiteRunner$SuiteWorker.run(SuiteRunner.java:489)
at org.testng.internal.thread.ThreadUtil$1.call(ThreadUtil.java:52)
at java.util.concurrent.FutureTask.run(FutureTask.java:266)
at java.util.concurrent.ThreadPoolExecutor.runWorker(ThreadPoolExecutor.java:1149)
at java.util.concurrent.ThreadPoolExecutor$Worker.run(ThreadPoolExecutor.java:624)
at java.lang.Thread.run(Thread.java:748)
]]>
            </full-stacktrace>
          </exception> <!-- java.lang.NullPointerException -->
          <reporter-output>
          </reporter-output>
        </test-method> <!-- accPageSectionsListTest -->
        <test-method status="FAIL" signature="accPageTitleTest()[pri:0, instance:com.qa.opencart.tests.AccountsPageTest@604ed9f0]" name="accPageTitleTest" duration-ms="0" started-at="2022-03-25T13:00:33Z" finished-at="2022-03-25T13:00:33Z">
          <exception class="java.lang.NullPointerException">
            <full-stacktrace>
              <![CDATA[java.lang.NullPointerException
at com.qa.opencart.tests.AccountsPageTest.accPageTitleTest(AccountsPageTest.java:16)
at sun.reflect.NativeMethodAccessorImpl.invoke0(Native Method)
at sun.reflect.NativeMethodAccessorImpl.invoke(NativeMethodAccessorImpl.java:62)
at sun.reflect.DelegatingMethodAccessorImpl.invoke(DelegatingMethodAccessorImpl.java:43)
at java.lang.reflect.Method.invoke(Method.java:498)
at org.testng.internal.MethodInvocationHelper.invokeMethod(MethodInvocationHelper.java:124)
at org.testng.internal.Invoker.invokeMethod(Invoker.java:583)
at org.testng.internal.Invoker.invokeTestMethod(Invoker.java:719)
at org.testng.internal.Invoker.invokeTestMethods(Invoker.java:989)
at org.testng.internal.TestMethodWorker.invokeTestMethods(TestMethodWorker.java:125)
at org.testng.internal.TestMethodWorker.run(TestMethodWorker.java:109)
at org.testng.TestRunner.privateRun(TestRunner.java:648)
at org.testng.TestRunner.run(TestRunner.java:505)
at org.testng.SuiteRunner.runTest(SuiteRunner.java:455)
at org.testng.SuiteRunner.access$000(SuiteRunner.java:40)
at org.testng.SuiteRunner$SuiteWorker.run(SuiteRunner.java:489)
at org.testng.internal.thread.ThreadUtil$1.call(ThreadUtil.java:52)
at java.util.concurrent.FutureTask.run(FutureTask.java:266)
at java.util.concurrent.ThreadPoolExecutor.runWorker(ThreadPoolExecutor.java:1149)
at java.util.concurrent.ThreadPoolExecutor$Worker.run(ThreadPoolExecutor.java:624)
at java.lang.Thread.run(Thread.java:748)
]]>
            </full-stacktrace>
          </exception> <!-- java.lang.NullPointerException -->
          <reporter-output>
          </reporter-output>
        </test-method> <!-- accPageTitleTest -->
      </class> <!-- com.qa.opencart.tests.AccountsPageTest -->
      <class name="com.qa.opencart.tests.LoginPageTest">
        <test-method status="PASS" signature="setUp()[pri:0, instance:com.qa.opencart.tests.LoginPageTest@91161c7]" name="setUp" is-config="true" duration-ms="5243" started-at="2022-03-25T13:00:25Z" finished-at="2022-03-25T13:00:31Z">
          <reporter-output>
          </reporter-output>
        </test-method> <!-- setUp -->
        <test-method status="PASS" signature="forgotPwdLinkTest()[pri:0, instance:com.qa.opencart.tests.LoginPageTest@91161c7]" name="forgotPwdLinkTest" duration-ms="50" started-at="2022-03-25T13:00:31Z" finished-at="2022-03-25T13:00:31Z">
          <reporter-output>
          </reporter-output>
        </test-method> <!-- forgotPwdLinkTest -->
        <test-method status="PASS" signature="loginPageFooterLinksTest()[pri:0, instance:com.qa.opencart.tests.LoginPageTest@91161c7]" name="loginPageFooterLinksTest" duration-ms="141" started-at="2022-03-25T13:00:31Z" finished-at="2022-03-25T13:00:31Z">
          <reporter-output>
          </reporter-output>
        </test-method> <!-- loginPageFooterLinksTest -->
        <test-method status="PASS" signature="loginPageTitleTest()[pri:0, instance:com.qa.opencart.tests.LoginPageTest@91161c7]" name="loginPageTitleTest" duration-ms="4" started-at="2022-03-25T13:00:31Z" finished-at="2022-03-25T13:00:31Z">
          <reporter-output>
          </reporter-output>
        </test-method> <!-- loginPageTitleTest -->
        <test-method status="PASS" signature="loginTest()[pri:0, instance:com.qa.opencart.tests.LoginPageTest@91161c7]" name="loginTest" duration-ms="2601" started-at="2022-03-25T13:00:31Z" finished-at="2022-03-25T13:00:33Z">
          <reporter-output>
          </reporter-output>
        </test-method> <!-- loginTest -->
        <test-method status="PASS" signature="tearDown()[pri:0, instance:com.qa.opencart.tests.LoginPageTest@91161c7]" name="tearDown" is-config="true" duration-ms="1125" started-at="2022-03-25T13:00:33Z" finished-at="2022-03-25T13:00:35Z">
          <reporter-output>
          </reporter-output>
        </test-method> <!-- tearDown -->
      </class> <!-- com.qa.opencart.tests.LoginPageTest -->
    </test> <!-- Login Page Test -->
  </suite> <!-- Open Cart Suite -->
</testng-results>
