<?xml version="1.0" encoding="UTF-8"?>
<testng-results skipped="0" failed="0" ignored="0" total="7" passed="7">
  <reporter-output>
  </reporter-output>
  <suite name="Default suite" duration-ms="29228" started-at="2022-03-29T14:07:14Z" finished-at="2022-03-29T14:07:43Z">
    <groups>
    </groups>
    <test name="Default test" duration-ms="29228" started-at="2022-03-29T14:07:14Z" finished-at="2022-03-29T14:07:43Z">
      <class name="com.qa.opencart.tests.AccountsPageTest">
        <test-method status="PASS" signature="setUp()[pri:0, instance:com.qa.opencart.tests.AccountsPageTest@6a4f787b]" name="setUp" is-config="true" duration-ms="5487" started-at="2022-03-29T14:07:14Z" finished-at="2022-03-29T14:07:19Z">
          <reporter-output>
          </reporter-output>
        </test-method> <!-- setUp -->
        <test-method status="PASS" signature="accPageSetUp()[pri:0, instance:com.qa.opencart.tests.AccountsPageTest@6a4f787b]" name="accPageSetUp" is-config="true" duration-ms="5551" started-at="2022-03-29T14:07:19Z" finished-at="2022-03-29T14:07:25Z">
          <reporter-output>
          </reporter-output>
        </test-method> <!-- accPageSetUp -->
        <test-method status="PASS" signature="accPageHeaderTest()[pri:0, instance:com.qa.opencart.tests.AccountsPageTest@6a4f787b]" name="accPageHeaderTest" duration-ms="890" started-at="2022-03-29T14:07:25Z" finished-at="2022-03-29T14:07:25Z">
          <reporter-output>
          </reporter-output>
        </test-method> <!-- accPageHeaderTest -->
        <test-method status="PASS" signature="accPageSectionsListTest()[pri:0, instance:com.qa.opencart.tests.AccountsPageTest@6a4f787b]" name="accPageSectionsListTest" duration-ms="47" started-at="2022-03-29T14:07:25Z" finished-at="2022-03-29T14:07:26Z">
          <reporter-output>
          </reporter-output>
        </test-method> <!-- accPageSectionsListTest -->
        <test-method status="PASS" signature="accPageTitleTest()[pri:0, instance:com.qa.opencart.tests.AccountsPageTest@6a4f787b]" name="accPageTitleTest" duration-ms="20" started-at="2022-03-29T14:07:26Z" finished-at="2022-03-29T14:07:26Z">
          <reporter-output>
          </reporter-output>
        </test-method> <!-- accPageTitleTest -->
        <test-method status="PASS" signature="doSearchTest(java.lang.String)[pri:0, instance:com.qa.opencart.tests.AccountsPageTest@6a4f787b]" name="doSearchTest" duration-ms="4117" started-at="2022-03-29T14:07:26Z" data-provider="productData" finished-at="2022-03-29T14:07:30Z">
          <params>
            <param index="0">
              <value>
                <![CDATA[imac]]>
              </value>
            </param>
          </params>
          <reporter-output>
          </reporter-output>
        </test-method> <!-- doSearchTest -->
        <test-method status="PASS" signature="doSearchTest(java.lang.String)[pri:0, instance:com.qa.opencart.tests.AccountsPageTest@6a4f787b]" name="doSearchTest" duration-ms="3899" started-at="2022-03-29T14:07:30Z" data-provider="productData" finished-at="2022-03-29T14:07:34Z">
          <params>
            <param index="0">
              <value>
                <![CDATA[macbook]]>
              </value>
            </param>
          </params>
          <reporter-output>
          </reporter-output>
        </test-method> <!-- doSearchTest -->
        <test-method status="PASS" signature="doSearchTest(java.lang.String)[pri:0, instance:com.qa.opencart.tests.AccountsPageTest@6a4f787b]" name="doSearchTest" duration-ms="3067" started-at="2022-03-29T14:07:34Z" data-provider="productData" finished-at="2022-03-29T14:07:37Z">
          <params>
            <param index="0">
              <value>
                <![CDATA[macbook]]>
              </value>
            </param>
          </params>
          <reporter-output>
          </reporter-output>
        </test-method> <!-- doSearchTest -->
        <test-method status="PASS" signature="selectProductTest(java.lang.String, java.lang.String)[pri:0, instance:com.qa.opencart.tests.AccountsPageTest@6a4f787b]" name="selectProductTest" duration-ms="5976" started-at="2022-03-29T14:07:37Z" data-provider="productSelectData" finished-at="2022-03-29T14:07:43Z">
          <params>
            <param index="0">
              <value>
                <![CDATA[MacBook]]>
              </value>
            </param>
            <param index="1">
              <value>
                <![CDATA[MacBook Pro]]>
              </value>
            </param>
          </params>
          <reporter-output>
          </reporter-output>
        </test-method> <!-- selectProductTest -->
        <test-method status="PASS" signature="tearDown()[pri:0, instance:com.qa.opencart.tests.AccountsPageTest@6a4f787b]" name="tearDown" is-config="true" duration-ms="154" started-at="2022-03-29T14:07:43Z" finished-at="2022-03-29T14:07:43Z">
          <reporter-output>
          </reporter-output>
        </test-method> <!-- tearDown -->
      </class> <!-- com.qa.opencart.tests.AccountsPageTest -->
    </test> <!-- Default test -->
  </suite> <!-- Default suite -->
</testng-results>
